  drawRoad.cpp
D:\vsproject\drawRoad\drawRoad\enu.h(58,12): warning C4244: “=”: 从“double”转换到“float”，可能丢失数据
D:\vsproject\drawRoad\drawRoad\drawRoad.cpp(62,59): warning C4267: “=”: 从“size_t”转换到“uint32_t”，可能丢失数据
D:\vsproject\drawRoad\drawRoad\drawRoad.cpp(110,72): warning C4244: “参数”: 从“double”转换到“float”，可能丢失数据
D:\vsproject\drawRoad\drawRoad\drawRoad.cpp(127,72): warning C4244: “参数”: 从“double”转换到“float”，可能丢失数据
D:\vsproject\drawRoad\drawRoad\drawRoad.cpp(232,55): warning C4244: “参数”: 从“double”转换到“float”，可能丢失数据
D:\vsproject\drawRoad\drawRoad\drawRoad.cpp(239,74): warning C4244: “参数”: 从“double”转换到“float”，可能丢失数据
D:\vsproject\drawRoad\drawRoad\drawRoad.cpp(252,72): warning C4244: “参数”: 从“double”转换到“float”，可能丢失数据
D:\vsproject\drawRoad\drawRoad\drawRoad.cpp(258,34): warning C4244: “参数”: 从“uint64_t”转换到“_Ty”，可能丢失数据
          with
          [
              _Ty=double
          ]
D:\vsproject\drawRoad\drawRoad\drawRoad.cpp(425,15): warning C4244: “初始化”: 从“double”转换到“float”，可能丢失数据
D:\vsproject\drawRoad\drawRoad\drawRoad.cpp(426,15): warning C4244: “初始化”: 从“double”转换到“float”，可能丢失数据
D:\vsproject\drawRoad\drawRoad\drawRoad.cpp(427,15): warning C4244: “初始化”: 从“double”转换到“float”，可能丢失数据
D:\vsproject\drawRoad\drawRoad\drawRoad.cpp(428,15): warning C4244: “初始化”: 从“double”转换到“float”，可能丢失数据
D:\vsproject\drawRoad\drawRoad\matplotlibcpp.h(1817,48): warning C4244: “=”: 从“size_t”转换到“_Ty”，可能丢失数据
          with
          [
              _Ty=double
          ]
D:\vsproject\drawRoad\drawRoad\matplotlibcpp.h(2883,33): message : 查看对正在编译的函数 模板 实例化“bool matplotlibcpp::plot<double>(const std::vector<double,std::allocator<double>> &,const std::string &)”的引用
  readData.cpp
D:\vsproject\drawRoad\drawRoad\readData.cpp(160,32): warning C4267: “初始化”: 从“size_t”转换到“int”，可能丢失数据
D:\vsproject\drawRoad\drawRoad\readData.cpp(247,25): warning C4244: “=”: 从“__int64”转换到“uint32_t”，可能丢失数据
D:\vsproject\drawRoad\drawRoad\readData.cpp(288,26): warning C4244: “=”: 从“__int64”转换到“uint32_t”，可能丢失数据
D:\vsproject\drawRoad\drawRoad\readData.cpp(326,24): warning C4244: “=”: 从“__int64”转换到“uint32_t”，可能丢失数据
D:\vsproject\drawRoad\drawRoad\readData.cpp(347,24): warning C4244: “=”: 从“__int64”转换到“uint32_t”，可能丢失数据
D:\vsproject\drawRoad\drawRoad\readData.cpp(444,18): warning C4244: “初始化”: 从“double”转换到“uint64_t”，可能丢失数据
D:\vsproject\drawRoad\drawRoad\readData.cpp(467,44): warning C4244: “=”: 从“double”转换到“int32_t”，可能丢失数据
D:\vsproject\drawRoad\drawRoad\readData.cpp(468,42): warning C4244: “=”: 从“double”转换到“int32_t”，可能丢失数据
  正在生成代码
  2 of 1198 functions ( 0.2%) were compiled, the rest were copied from previous compilation.
    0 functions were new in current compilation
    1 functions had inline decision re-evaluated but remain unchanged
  已完成代码的生成
  drawRoad.vcxproj -> D:\vsproject\drawRoad\x64\Release\drawRoad.exe
